Performing C SOURCE FILE Test CMAKE_HAVE_LIBC_PTHREAD failed with the following output:
Change Dir: /roland.qi/cbtree/build/CMakeFiles/CMakeTmp

Run Build Command(s):/opt/rh/devtoolset-8/root/usr/bin/gmake cmTC_4cf00/fast && /opt/rh/devtoolset-8/root/usr/bin/gmake -f CMakeFiles/cmTC_4cf00.dir/build.make CMakeFiles/cmTC_4cf00.dir/build
gmake[1]: Entering directory '/roland.qi/cbtree/build/CMakeFiles/CMakeTmp'
Building C object CMakeFiles/cmTC_4cf00.dir/src.c.o
/opt/rh/devtoolset-8/root/usr/bin/cc   -DCMAKE_HAVE_LIBC_PTHREAD   -o CMakeFiles/cmTC_4cf00.dir/src.c.o   -c /roland.qi/cbtree/build/CMakeFiles/CMakeTmp/src.c
Linking C executable cmTC_4cf00
/usr/bin/cmake -E cmake_link_script CMakeFiles/cmTC_4cf00.dir/link.txt --verbose=1
/opt/rh/devtoolset-8/root/usr/bin/cc  -DCMAKE_HAVE_LIBC_PTHREAD    -rdynamic CMakeFiles/cmTC_4cf00.dir/src.c.o  -o cmTC_4cf00 
CMakeFiles/cmTC_4cf00.dir/src.c.o: In function `main':
src.c:(.text+0x2d): undefined reference to `pthread_create'
src.c:(.text+0x39): undefined reference to `pthread_detach'
src.c:(.text+0x4a): undefined reference to `pthread_join'
src.c:(.text+0x5e): undefined reference to `pthread_atfork'
collect2: error: ld returned 1 exit status
gmake[1]: *** [CMakeFiles/cmTC_4cf00.dir/build.make:87: cmTC_4cf00] Error 1
gmake[1]: Leaving directory '/roland.qi/cbtree/build/CMakeFiles/CMakeTmp'
gmake: *** [Makefile:121: cmTC_4cf00/fast] Error 2


Source file was:
#include <pthread.h>

void* test_func(void* data)
{
  return data;
}

int main(void)
{
  pthread_t thread;
  pthread_create(&thread, NULL, test_func, NULL);
  pthread_detach(thread);
  pthread_join(thread, NULL);
  pthread_atfork(NULL, NULL, NULL);
  pthread_exit(NULL);

  return 0;
}

Determining if the function pthread_create exists in the pthreads failed with the following output:
Change Dir: /roland.qi/cbtree/build/CMakeFiles/CMakeTmp

Run Build Command(s):/opt/rh/devtoolset-8/root/usr/bin/gmake cmTC_4f5ca/fast && /opt/rh/devtoolset-8/root/usr/bin/gmake -f CMakeFiles/cmTC_4f5ca.dir/build.make CMakeFiles/cmTC_4f5ca.dir/build
gmake[1]: Entering directory '/roland.qi/cbtree/build/CMakeFiles/CMakeTmp'
Building C object CMakeFiles/cmTC_4f5ca.dir/CheckFunctionExists.c.o
/opt/rh/devtoolset-8/root/usr/bin/cc   -DCHECK_FUNCTION_EXISTS=pthread_create   -o CMakeFiles/cmTC_4f5ca.dir/CheckFunctionExists.c.o   -c /usr/share/cmake-3.15/Modules/CheckFunctionExists.c
Linking C executable cmTC_4f5ca
/usr/bin/cmake -E cmake_link_script CMakeFiles/cmTC_4f5ca.dir/link.txt --verbose=1
/opt/rh/devtoolset-8/root/usr/bin/cc  -DCHECK_FUNCTION_EXISTS=pthread_create    -rdynamic CMakeFiles/cmTC_4f5ca.dir/CheckFunctionExists.c.o  -o cmTC_4f5ca -lpthreads 
/opt/rh/devtoolset-8/root/usr/libexec/gcc/x86_64-redhat-linux/8/ld: cannot find -lpthreads
collect2: error: ld returned 1 exit status
gmake[1]: *** [CMakeFiles/cmTC_4f5ca.dir/build.make:87: cmTC_4f5ca] Error 1
gmake[1]: Leaving directory '/roland.qi/cbtree/build/CMakeFiles/CMakeTmp'
gmake: *** [Makefile:121: cmTC_4f5ca/fast] Error 2



